<?xml version="1.0" encoding="UTF-8"?>
<!-- Generated by org.testng.reporters.JUnitReportReporter -->
<testsuite hostname="Pravin" failures="0" tests="1" name="sample.Testactitime" time="62.921" errors="0" timestamp="21 Dec 2021 04:56:52 GMT" skipped="0">
  <testcase classname="sample.Testactitime" name="Testloginandlogout" time="62.921"/>
</testsuite> <!-- sample.Testactitime -->
