<?xml version="1.0" encoding="UTF-8"?>
<!-- Generated by org.testng.reporters.JUnitReportReporter -->
<testsuite hostname="Pravin" failures="0" tests="1" name="sample.Testactitime" time="52.072" errors="0" timestamp="21 Dec 2021 05:05:33 GMT" skipped="0">
  <testcase classname="sample.Testactitime" name="Testloginandlogout" time="52.072"/>
</testsuite> <!-- sample.Testactitime -->
